INFO    CONFIG: Capacity=15 Ticks-Floor=5 Ticks-Door=2 Ticks-Passengers=3
INFO    Time=1   Prev State:    Curr State: STOP   PrevFloor: 1   CurrFloor: 1
INFO    Time=10 Called=3 Floor=1 Dir=Down passID=0
INFO    Time=11 Called=2 Floor=1 Dir=Up passID=1
INFO    Time=11   Prev State: STOP   Curr State: OPENDR   PrevFloor: 1   CurrFloor: 1
INFO    Time=12 Called=2 Floor=1 Dir=Up passID=2
INFO    Time=13 Called=2 Floor=1 Dir=Up passID=3
INFO    Time=13   Prev State: OPENDR   Curr State: BOARD   PrevFloor: 1   CurrFloor: 1
INFO    Time=13 Board=3 Floor=1 Dir=Up passID=0
INFO    Time=13 Board=2 Floor=1 Dir=Up passID=1
INFO    Time=14   Prev State: BOARD   Curr State: CLOSEDR   PrevFloor: 1   CurrFloor: 1
INFO    Time=15 Called=7 Floor=2 Dir=Up passID=4
INFO    Time=16 Called=4 Floor=3 Dir=Up passID=5
INFO    Time=16   Prev State: CLOSEDR   Curr State: MV1FLR   PrevFloor: 1   CurrFloor: 1
INFO    Time=17 Called=4 Floor=4 Dir=Up passID=6
INFO    Time=18 Called=2 Floor=5 Dir=Up passID=7
INFO    Time=21   Prev State: MV1FLR   Curr State: OPENDR   PrevFloor: 1   CurrFloor: 2
INFO    Time=23   Prev State: OPENDR   Curr State: BOARD   PrevFloor: 2   CurrFloor: 2
INFO    Time=23 Board=7 Floor=2 Dir=Up passID=4
INFO    Time=25   Prev State: BOARD   Curr State: CLOSEDR   PrevFloor: 2   CurrFloor: 2
INFO    Time=27   Prev State: CLOSEDR   Curr State: MV1FLR   PrevFloor: 2   CurrFloor: 2
INFO    Time=32   Prev State: MV1FLR   Curr State: OPENDR   PrevFloor: 2   CurrFloor: 3
INFO    Time=34   Prev State: OPENDR   Curr State: BOARD   PrevFloor: 3   CurrFloor: 3
INFO    Time=34 Board=4 Floor=3 Dir=Up passID=5
INFO    Time=36   Prev State: BOARD   Curr State: CLOSEDR   PrevFloor: 3   CurrFloor: 3
INFO    Time=38   Prev State: CLOSEDR   Curr State: MV1FLR   PrevFloor: 3   CurrFloor: 3
INFO    Time=43   Prev State: MV1FLR   Curr State: OPENDR   PrevFloor: 3   CurrFloor: 4
INFO    Time=45   Prev State: OPENDR   Curr State: BOARD   PrevFloor: 4   CurrFloor: 4
INFO    Time=45 Board=4 Floor=4 Dir=Up passID=6
INFO    Time=47   Prev State: BOARD   Curr State: CLOSEDR   PrevFloor: 4   CurrFloor: 4
INFO    Time=49   Prev State: CLOSEDR   Curr State: MV1FLR   PrevFloor: 4   CurrFloor: 4
INFO    Time=54   Prev State: MV1FLR   Curr State: OPENDR   PrevFloor: 4   CurrFloor: 5
INFO    Time=56   Prev State: OPENDR   Curr State: BOARD   PrevFloor: 5   CurrFloor: 5
INFO    Time=56 Board=2 Floor=5 Dir=Up passID=7
INFO    Time=58   Prev State: BOARD   Curr State: CLOSEDR   PrevFloor: 5   CurrFloor: 5
INFO    Time=60   Prev State: CLOSEDR   Curr State: MV1FLR   PrevFloor: 5   CurrFloor: 5
INFO    Time=65   Prev State: MV1FLR   Curr State: OPENDR   PrevFloor: 5   CurrFloor: 6
INFO    Time=67   Prev State: OPENDR   Curr State: OFFLD   PrevFloor: 6   CurrFloor: 6
INFO    Time=67 Arrived=3 Floor=6 passID=0
INFO    Time=67 Arrived=2 Floor=6 passID=1
INFO    Time=67 Arrived=7 Floor=6 passID=4
INFO    Time=67 Arrived=4 Floor=6 passID=5
INFO    Time=67 Arrived=4 Floor=6 passID=6
INFO    Time=67 Arrived=2 Floor=6 passID=7
INFO    Time=69   Prev State: OFFLD   Curr State: CLOSEDR   PrevFloor: 6   CurrFloor: 6
INFO    Time=71   Prev State: CLOSEDR   Curr State: MV1FLR   PrevFloor: 6   CurrFloor: 6
INFO    Time=96   Prev State: MV1FLR   Curr State: OPENDR   PrevFloor: 2   CurrFloor: 1
INFO    Time=98   Prev State: OPENDR   Curr State: BOARD   PrevFloor: 1   CurrFloor: 1
INFO    Time=98 Board=2 Floor=1 Dir=Up passID=2
INFO    Time=99 Board=2 Floor=1 Dir=Up passID=3
INFO    Time=101   Prev State: BOARD   Curr State: CLOSEDR   PrevFloor: 1   CurrFloor: 1
INFO    Time=103   Prev State: CLOSEDR   Curr State: MV1FLR   PrevFloor: 1   CurrFloor: 1
INFO    Time=128   Prev State: MV1FLR   Curr State: OPENDR   PrevFloor: 5   CurrFloor: 6
INFO    Time=130   Prev State: OPENDR   Curr State: OFFLD   PrevFloor: 6   CurrFloor: 6
INFO    Time=130 Arrived=2 Floor=6 passID=2
INFO    Time=130 Arrived=2 Floor=6 passID=3
INFO    Time=132   Prev State: OFFLD   Curr State: CLOSEDR   PrevFloor: 6   CurrFloor: 6
INFO    Time=134   Prev State: CLOSEDR   Curr State: STOP   PrevFloor: 6   CurrFloor: 6
INFO    Time=140 Called=7 Floor=6 Dir=Up passID=8
INFO    Time=141   Prev State: STOP   Curr State: OPENDR   PrevFloor: 6   CurrFloor: 6
INFO    Time=143   Prev State: OPENDR   Curr State: BOARD   PrevFloor: 6   CurrFloor: 6
INFO    Time=144 Called=3 Floor=6 Dir=Up passID=9
INFO    Time=144   Prev State: BOARD   Curr State: CLOSEDR   PrevFloor: 6   CurrFloor: 6
INFO    Time=145 Called=3 Floor=6 Dir=Up passID=10
INFO    Time=146 Called=3 Floor=6 Dir=Up passID=11
INFO    Time=146   Prev State: CLOSEDR   Curr State: MV1FLR   PrevFloor: 6   CurrFloor: 6
INFO    Time=250 Called=3 Floor=1 Dir=Down passID=12
INFO    Time=253 Called=4 Floor=1 Dir=Down passID=13
INFO    Time=254 Called=5 Floor=1 Dir=Down passID=14
INFO    Time=256 Called=3 Floor=1 Dir=Down passID=15
INFO    Time=271   Prev State: MV1FLR   Curr State: OPENDR   PrevFloor: 2   CurrFloor: 1
INFO    Time=273   Prev State: OPENDR   Curr State: BOARD   PrevFloor: 1   CurrFloor: 1
INFO    Time=273 Board=3 Floor=1 Dir=Up passID=12
INFO    Time=273 Board=4 Floor=1 Dir=Up passID=13
INFO    Time=274 Board=5 Floor=1 Dir=Up passID=14
INFO    Time=275 Board=3 Floor=1 Dir=Up passID=15
INFO    Time=277   Prev State: BOARD   Curr State: CLOSEDR   PrevFloor: 1   CurrFloor: 1
INFO    Time=279   Prev State: CLOSEDR   Curr State: MV1FLR   PrevFloor: 1   CurrFloor: 1
INFO    Time=289   Prev State: MV1FLR   Curr State: OPENDR   PrevFloor: 2   CurrFloor: 3
INFO    Time=291   Prev State: OPENDR   Curr State: OFFLD   PrevFloor: 3   CurrFloor: 3
INFO    Time=291 Arrived=3 Floor=3 passID=15
INFO    Time=293   Prev State: OFFLD   Curr State: CLOSEDR   PrevFloor: 3   CurrFloor: 3
INFO    Time=295   Prev State: CLOSEDR   Curr State: MV1FLR   PrevFloor: 3   CurrFloor: 3
INFO    Time=300   Prev State: MV1FLR   Curr State: OPENDR   PrevFloor: 3   CurrFloor: 4
INFO    Time=302   Prev State: OPENDR   Curr State: OFFLD   PrevFloor: 4   CurrFloor: 4
INFO    Time=302 Arrived=5 Floor=4 passID=14
INFO    Time=304   Prev State: OFFLD   Curr State: CLOSEDR   PrevFloor: 4   CurrFloor: 4
INFO    Time=306   Prev State: CLOSEDR   Curr State: MV1FLR   PrevFloor: 4   CurrFloor: 4
INFO    Time=310 Called=13 Floor=6 Dir=Up passID=16
INFO    Time=311   Prev State: MV1FLR   Curr State: OPENDR   PrevFloor: 4   CurrFloor: 5
INFO    Time=313   Prev State: OPENDR   Curr State: OFFLD   PrevFloor: 5   CurrFloor: 5
INFO    Time=313 Arrived=4 Floor=5 passID=13
INFO    Time=315   Prev State: OFFLD   Curr State: CLOSEDR   PrevFloor: 5   CurrFloor: 5
INFO    Time=317 Called=1 Floor=6 Dir=Up passID=17
INFO    Time=317 Called=3 Floor=6 Dir=Up passID=18
INFO    Time=317   Prev State: CLOSEDR   Curr State: MV1FLR   PrevFloor: 5   CurrFloor: 5
INFO    Time=322   Prev State: MV1FLR   Curr State: OPENDR   PrevFloor: 5   CurrFloor: 6
INFO    Time=324   Prev State: OPENDR   Curr State: OFFLD   PrevFloor: 6   CurrFloor: 6
INFO    Time=324 Arrived=3 Floor=6 passID=12
INFO    Time=326   Prev State: OFFLD   Curr State: CLOSEDR   PrevFloor: 6   CurrFloor: 6
INFO    Time=327 Called=2 Floor=5 Dir=Up passID=19
INFO    Time=328   Prev State: CLOSEDR   Curr State: MV1FLR   PrevFloor: 6   CurrFloor: 6
INFO    Time=333   Prev State: MV1FLR   Curr State: OPENDR   PrevFloor: 6   CurrFloor: 5
INFO    Time=335   Prev State: OPENDR   Curr State: BOARD   PrevFloor: 5   CurrFloor: 5
INFO    Time=335 Board=2 Floor=5 Dir=Down passID=19
INFO    Time=337   Prev State: BOARD   Curr State: CLOSEDR   PrevFloor: 5   CurrFloor: 5
INFO    Time=338 Called=3 Floor=4 Dir=Down passID=20
INFO    Time=338 Called=2 Floor=4 Dir=Down passID=21
INFO    Time=339   Prev State: CLOSEDR   Curr State: MV1FLR   PrevFloor: 5   CurrFloor: 5
INFO    Time=344   Prev State: MV1FLR   Curr State: OPENDR   PrevFloor: 5   CurrFloor: 4
INFO    Time=346   Prev State: OPENDR   Curr State: OFFLD   PrevFloor: 4   CurrFloor: 4
INFO    Time=346 Arrived=2 Floor=4 passID=19
INFO    Time=348   Prev State: OFFLD   Curr State: BOARD   PrevFloor: 4   CurrFloor: 4
INFO    Time=348 Board=3 Floor=4 Dir=Down passID=20
INFO    Time=349 Board=2 Floor=4 Dir=Down passID=21
INFO    Time=351   Prev State: BOARD   Curr State: CLOSEDR   PrevFloor: 4   CurrFloor: 4
INFO    Time=353   Prev State: CLOSEDR   Curr State: MV1FLR   PrevFloor: 4   CurrFloor: 4
INFO    Time=358   Prev State: MV1FLR   Curr State: OPENDR   PrevFloor: 4   CurrFloor: 3
INFO    Time=360   Prev State: OPENDR   Curr State: OFFLD   PrevFloor: 3   CurrFloor: 3
INFO    Time=360 Arrived=3 Floor=3 passID=20
INFO    Time=360 Arrived=2 Floor=3 passID=21
INFO    Time=362   Prev State: OFFLD   Curr State: CLOSEDR   PrevFloor: 3   CurrFloor: 3
INFO    Time=364   Prev State: CLOSEDR   Curr State: MV1FLR   PrevFloor: 3   CurrFloor: 3
